\BOOKMARK [0][-]{chapter.1}{\376\377\000第\0001\000章\000\040\000序\000論}{}% 1
\BOOKMARK [1][-]{section.1.1}{\376\377\0001\000.\0001\000\040\000背\000景}{chapter.1}% 2
\BOOKMARK [1][-]{section.1.2}{\376\377\0001\000.\0002\000\040\000目\000的}{chapter.1}% 3
\BOOKMARK [0][-]{chapter.2}{\376\377\000第\0002\000章\000\040\000先\000行\000研\000究}{}% 4
\BOOKMARK [1][-]{section.2.1}{\376\377\0002\000.\0001\000\040\000遅\000延\000聴\000覚\000フ\000ィ\000ー\000ド\000バ\000ッ\000ク\000が\000発\000話\000に\000及\000ぼ\000す\000影\000響\000の\000調\000査}{chapter.2}% 5
\BOOKMARK [1][-]{section.2.2}{\376\377\0002\000.\0002\000\040\000遅\000延\000聴\000覚\000フ\000ィ\000ー\000ド\000バ\000ッ\000ク\000が\000身\000体\000運\000動\000に\000及\000ぼ\000す\000影\000響\000の\000調\000査}{chapter.2}% 6
\BOOKMARK [0][-]{chapter.3}{\376\377\000第\0003\000章\000\040\000主\000観\000評\000価\000に\000お\000け\000る\000ア\000プ\000リ\000ケ\000ー\000シ\000ョ\000ン\000開\000発}{}% 7
\BOOKMARK [1][-]{section.3.1}{\376\377\0003\000.\0001\000\040\000ア\000プ\000リ\000ケ\000ー\000シ\000ョ\000ン\000の\000概\000要}{chapter.3}% 8
\BOOKMARK [1][-]{section.3.2}{\376\377\0003\000.\0002\000\040\000今\000後\000の\000課\000題}{chapter.3}% 9
\BOOKMARK [0][-]{chapter.4}{\376\377\000第\0004\000章\000\040\000ボ\000タ\000ン\000押\000し\000課\000題\000の\000シ\000ス\000テ\000ム}{}% 10
\BOOKMARK [1][-]{section.4.1}{\376\377\0004\000.\0001\000\040\000ボ\000タ\000ン\000押\000し\000課\000題}{chapter.4}% 11
\BOOKMARK [1][-]{section.4.2}{\376\377\0004\000.\0002\000\040\000音\000響\000信\000号\000へ\000の\000遅\000延\000生\000成\000ア\000プ\000リ\000ケ\000ー\000シ\000ョ\000ン}{chapter.4}% 12
\BOOKMARK [1][-]{section.4.3}{\376\377\0004\000.\0003\000\040\000生\000成\000す\000る\000遅\000延\000時\000間\000の\000正\000確\000性\000の\000調\000査}{chapter.4}% 13
\BOOKMARK [0][-]{chapter.5}{\376\377\000第\0005\000章\000\040\000遅\000延\000聴\000覚\000フ\000ィ\000ー\000ド\000バ\000ッ\000ク\000が\000身\000体\000運\000動\000に\000与\000え\000る\000影\000響\000の\000評\000価\000方\000法}{}% 14
\BOOKMARK [1][-]{section.5.1}{\376\377\0005\000.\0001\000\040\000分\000散}{chapter.5}% 15
\BOOKMARK [1][-]{section.5.2}{\376\377\0005\000.\0002\000\040\000二\000乗\000誤\000差}{chapter.5}% 16
\BOOKMARK [0][-]{chapter.6}{\376\377\000第\0006\000章\000\040\000身\000体\000運\000動\000の\000ば\000ら\000つ\000き\000を\000評\000価\000す\000る\000た\000め\000の\000最\000適\000な\000実\000験\000条\000件}{}% 17
\BOOKMARK [1][-]{section.6.1}{\376\377\0006\000.\0001\000\040\000ボ\000タ\000ン\000を\000押\000下\000す\000る\000間\000隔\000の\000最\000適\000な\000条\000件}{chapter.6}% 18
\BOOKMARK [1][-]{section.6.2}{\376\377\0006\000.\0002\000\040\000ボ\000タ\000ン\000を\000押\000下\000す\000る\000回\000数\000の\000最\000適\000な\000条\000件}{chapter.6}% 19
\BOOKMARK [1][-]{section.6.3}{\376\377\0006\000.\0003\000\040\000遅\000延\000を\000発\000生\000さ\000せ\000る\000最\000適\000な\000タ\000イ\000ミ\000ン\000グ}{chapter.6}% 20
\BOOKMARK [0][-]{chapter.7}{\376\377\000第\0007\000章\000\040\000遅\000延\000聴\000覚\000フ\000ィ\000ー\000ド\000バ\000ッ\000ク\000が\000身\000体\000運\000動\000に\000与\000え\000る\000影\000響\000の\000調\000査}{}% 21
\BOOKMARK [1][-]{section.7.1}{\376\377\0007\000.\0001\000\040\000調\000査\000方\000法}{chapter.7}% 22
\BOOKMARK [1][-]{section.7.2}{\376\377\0007\000.\0002\000\040\000調\000査\000条\000件\000及\000び\000調\000査\000対\000象}{chapter.7}% 23
\BOOKMARK [1][-]{section.7.3}{\376\377\0007\000.\0003\000\040\000調\000査\000結\000果}{chapter.7}% 24
\BOOKMARK [0][-]{chapter.8}{\376\377\000第\0008\000章\000\040\000結\000論}{}% 25
\BOOKMARK [1][-]{section.8.1}{\376\377\0008\000.\0001\000\040\000ま\000と\000め}{chapter.8}% 26
\BOOKMARK [1][-]{section.8.2}{\376\377\0008\000.\0002\000\040\000今\000後\000の\000展\000望}{chapter.8}% 27
\BOOKMARK [0][-]{chapter*.34}{\376\377\000参\000考\000文\000献}{}% 28
\BOOKMARK [0][-]{chapter*.35}{\376\377\000発\000表\000論\000文}{}% 29
\BOOKMARK [0][-]{chapter*.36}{\376\377\000謝\000辞}{}% 30
\BOOKMARK [0][-]{appendix.A}{\376\377\000付\000録\000A\000\040\000\040\000遅\000延\000聴\000覚\000フ\000ィ\000ー\000ド\000バ\000ッ\000ク\000が\000身\000体\000運\000動\000に\000与\000え\000る\000影\000響\000の\000調\000査\000の\000資\000料}{}% 31
\BOOKMARK [0][-]{appendix.B}{\376\377\000付\000録\000B\000\040\000\040\000主\000観\000調\000査\000に\000お\000け\000る\000ア\000プ\000リ\000ケ\000ー\000シ\000ョ\000ン\000の\000ソ\000ー\000ス\000コ\000ー\000ド}{}% 32
